# JRE version: Java(TM) SE Runtime Environment (8.0_05-b13) (build 1.8.0_05-b13)
# Java VM: Java HotSpot(TM) 64-Bit Server VM (25.5-b02 mixed mode windows-amd64 compressed oops)
Heap:
 PSYoungGen      total 73728K, used 25003K [0x00000000eab00000, 0x00000000f1d00000, 0x0000000100000000)
  eden space 65024K, 25% used [0x00000000eab00000,0x00000000ebaeb738,0x00000000eea80000)
  from space 8704K, 99% used [0x00000000eea80000,0x00000000ef2ff658,0x00000000ef300000)
  to   space 12800K, 0% used [0x00000000f1080000,0x00000000f1080000,0x00000000f1d00000)
 ParOldGen       total 129536K, used 36583K [0x00000000c0000000, 0x00000000c7e80000, 0x00000000eab00000)
  object space 129536K, 28% used [0x00000000c0000000,0x00000000c23b9cb0,0x00000000c7e80000)
 Metaspace       used 6210K, capacity 7128K, committed 7424K, reserved 1056768K
  class space    used 619K, capacity 656K, committed 768K, reserved 1048576K
GC Heap History (10 events):
Event: 5.970 GC heap before
{Heap before GC invocations=15 (full 0):
 PSYoungGen      total 33792K, used 32768K [0x00000000eab00000, 0x00000000ed000000, 0x0000000100000000)
  eden space 29696K, 100% used [0x00000000eab00000,0x00000000ec800000,0x00000000ec800000)
  from space 4096K, 75% used [0x00000000ecc00000,0x00000000ecf00000,0x00000000ed000000)
  to   space 4096K, 0% used [0x00000000ec800000,0x00000000ec800000,0x00000000ecc00000)
 ParOldGen       total 129536K, used 11429K [0x00000000c0000000, 0x00000000c7e80000, 0x00000000eab00000)
  object space 129536K, 8% used [0x00000000c0000000,0x00000000c0b294c0,0x00000000c7e80000)
 Metaspace       used 6049K, capacity 7000K, committed 7168K, reserved 1056768K
  class space    used 613K, capacity 656K, committed 768K, reserved 1048576K
Event: 6.030 GC heap after
Heap after GC invocations=15 (full 0):
 PSYoungGen      total 33792K, used 4064K [0x00000000eab00000, 0x00000000ee580000, 0x0000000100000000)
  eden space 29696K, 0% used [0x00000000eab00000,0x00000000eab00000,0x00000000ec800000)
  from space 4096K, 99% used [0x00000000ec800000,0x00000000ecbf8010,0x00000000ecc00000)
  to   space 6144K, 0% used [0x00000000edf80000,0x00000000edf80000,0x00000000ee580000)
 ParOldGen       total 129536K, used 14632K [0x00000000c0000000, 0x00000000c7e80000, 0x00000000eab00000)
  object space 129536K, 11% used [0x00000000c0000000,0x00000000c0e4a310,0x00000000c7e80000)
 Metaspace       used 6049K, capacity 7000K, committed 7168K, reserved 1056768K
  class space    used 613K, capacity 656K, committed 768K, reserved 1048576K
}
Event: 6.570 GC heap before
{Heap before GC invocations=16 (full 0):
 PSYoungGen      total 33792K, used 33760K [0x00000000eab00000, 0x00000000ee580000, 0x0000000100000000)
  eden space 29696K, 100% used [0x00000000eab00000,0x00000000ec800000,0x00000000ec800000)
  from space 4096K, 99% used [0x00000000ec800000,0x00000000ecbf8010,0x00000000ecc00000)
  to   space 6144K, 0% used [0x00000000edf80000,0x00000000edf80000,0x00000000ee580000)
 ParOldGen       total 129536K, used 14632K [0x00000000c0000000, 0x00000000c7e80000, 0x00000000eab00000)
  object space 129536K, 11% used [0x00000000c0000000,0x00000000c0e4a310,0x00000000c7e80000)
 Metaspace       used 6058K, capacity 7000K, committed 7168K, reserved 1056768K
  class space    used 613K, capacity 656K, committed 768K, reserved 1048576K
Event: 6.603 GC heap after
Heap after GC invocations=16 (full 0):
 PSYoungGen      total 53248K, used 5259K [0x00000000eab00000, 0x00000000ee680000, 0x0000000100000000)
  eden space 47104K, 0% used [0x00000000eab00000,0x00000000eab00000,0x00000000ed900000)
  from space 6144K, 85% used [0x00000000edf80000,0x00000000ee4a2e20,0x00000000ee580000)
  to   space 6656K, 0% used [0x00000000ed900000,0x00000000ed900000,0x00000000edf80000)
 ParOldGen       total 129536K, used 18648K [0x00000000c0000000, 0x00000000c7e80000, 0x00000000eab00000)
  object space 129536K, 14% used [0x00000000c0000000,0x00000000c12363e8,0x00000000c7e80000)
 Metaspace       used 6058K, capacity 7000K, committed 7168K, reserved 1056768K
  class space    used 613K, capacity 656K, committed 768K, reserved 1048576K
}
Event: 7.190 GC heap before
{Heap before GC invocations=17 (full 0):
 PSYoungGen      total 53248K, used 52363K [0x00000000eab00000, 0x00000000ee680000, 0x0000000100000000)
  eden space 47104K, 100% used [0x00000000eab00000,0x00000000ed900000,0x00000000ed900000)
  from space 6144K, 85% used [0x00000000edf80000,0x00000000ee4a2e20,0x00000000ee580000)
  to   space 6656K, 0% used [0x00000000ed900000,0x00000000ed900000,0x00000000edf80000)
 ParOldGen       total 129536K, used 18648K [0x00000000c0000000, 0x00000000c7e80000, 0x00000000eab00000)
  object space 129536K, 14% used [0x00000000c0000000,0x00000000c12363e8,0x00000000c7e80000)
 Metaspace       used 6066K, capacity 7000K, committed 7168K, reserved 1056768K
  class space    used 613K, capacity 656K, committed 768K, reserved 1048576K
Event: 7.222 GC heap after
Heap after GC invocations=17 (full 0):
 PSYoungGen      total 53760K, used 6390K [0x00000000eab00000, 0x00000000efa80000, 0x0000000100000000)
  eden space 47104K, 0% used [0x00000000eab00000,0x00000000eab00000,0x00000000ed900000)
  from space 6656K, 96% used [0x00000000ed900000,0x00000000edf3d8c0,0x00000000edf80000)
  to   space 7680K, 0% used [0x00000000ef300000,0x00000000ef300000,0x00000000efa80000)
 ParOldGen       total 129536K, used 22967K [0x00000000c0000000, 0x00000000c7e80000, 0x00000000eab00000)
  object space 129536K, 17% used [0x00000000c0000000,0x00000000c166dde8,0x00000000c7e80000)
 Metaspace       used 6066K, capacity 7000K, committed 7168K, reserved 1056768K
  class space    used 613K, capacity 656K, committed 768K, reserved 1048576K
}
Event: 7.912 GC heap before
{Heap before GC invocations=18 (full 0):
 PSYoungGen      total 53760K, used 53494K [0x00000000eab00000, 0x00000000efa80000, 0x0000000100000000)
  eden space 47104K, 100% used [0x00000000eab00000,0x00000000ed900000,0x00000000ed900000)
  from space 6656K, 96% used [0x00000000ed900000,0x00000000edf3d8c0,0x00000000edf80000)
  to   space 7680K, 0% used [0x00000000ef300000,0x00000000ef300000,0x00000000efa80000)
 ParOldGen       total 129536K, used 22967K [0x00000000c0000000, 0x00000000c7e80000, 0x00000000eab00000)
  object space 129536K, 17% used [0x00000000c0000000,0x00000000c166dde8,0x00000000c7e80000)
 Metaspace       used 6086K, capacity 7000K, committed 7168K, reserved 1056768K
  class space    used 613K, capacity 656K, committed 768K, reserved 1048576K
Event: 8.046 GC heap after
Heap after GC invocations=18 (full 0):
 PSYoungGen      total 72704K, used 6521K [0x00000000eab00000, 0x00000000efc80000, 0x0000000100000000)
  eden space 65024K, 0% used [0x00000000eab00000,0x00000000eab00000,0x00000000eea80000)
  from space 7680K, 84% used [0x00000000ef300000,0x00000000ef95e538,0x00000000efa80000)
  to   space 8704K, 0% used [0x00000000eea80000,0x00000000eea80000,0x00000000ef300000)
 ParOldGen       total 129536K, used 29104K [0x00000000c0000000, 0x00000000c7e80000, 0x00000000eab00000)
  object space 129536K, 22% used [0x00000000c0000000,0x00000000c1c6c190,0x00000000c7e80000)
 Metaspace       used 6086K, capacity 7000K, committed 7168K, reserved 1056768K
  class space    used 613K, capacity 656K, committed 768K, reserved 1048576K
}
Event: 9.046 GC heap before
{Heap before GC invocations=19 (full 0):
 PSYoungGen      total 72704K, used 71545K [0x00000000eab00000, 0x00000000efc80000, 0x0000000100000000)
  eden space 65024K, 100% used [0x00000000eab00000,0x00000000eea80000,0x00000000eea80000)
  from space 7680K, 84% used [0x00000000ef300000,0x00000000ef95e538,0x00000000efa80000)
  to   space 8704K, 0% used [0x00000000eea80000,0x00000000eea80000,0x00000000ef300000)
 ParOldGen       total 129536K, used 29104K [0x00000000c0000000, 0x00000000c7e80000, 0x00000000eab00000)
  object space 129536K, 22% used [0x00000000c0000000,0x00000000c1c6c190,0x00000000c7e80000)
 Metaspace       used 6137K, capacity 7064K, committed 7424K, reserved 1056768K
  class space    used 613K, capacity 656K, committed 768K, reserved 1048576K
Event: 9.233 GC heap after
Heap after GC invocations=19 (full 0):
 PSYoungGen      total 73728K, used 8701K [0x00000000eab00000, 0x00000000f1d00000, 0x0000000100000000)
  eden space 65024K, 0% used [0x00000000eab00000,0x00000000eab00000,0x00000000eea80000)
  from space 8704K, 99% used [0x00000000eea80000,0x00000000ef2ff658,0x00000000ef300000)
  to   space 12800K, 0% used [0x00000000f1080000,0x00000000f1080000,0x00000000f1d00000)
 ParOldGen       total 129536K, used 36583K [0x00000000c0000000, 0x00000000c7e80000, 0x00000000eab00000)
  object space 129536K, 28% used [0x00000000c0000000,0x00000000c23b9cb0,0x00000000c7e80000)
 Metaspace       used 6137K, capacity 7064K, committed 7424K, reserved 1056768K
  class space    used 613K, capacity 656K, committed 768K, reserved 1048576K
}

